<?xml version="1.0" encoding="UTF-8" ?>
<testsuite tests="9" failures="0" name="com.epam.bootcamp.bmi_calculator.BMITest" time="0.024" errors="0" skipped="0">
  <properties>
    <property name="java.runtime.name" value="OpenJDK Runtime Environment"/>
    <property name="java.vm.version" value="11.0.14+9-LTS"/>
    <property name="sun.boot.library.path" value="c:\software\jdk\bin"/>
    <property name="user.country.format" value="PL"/>
    <property name="maven.multiModuleProjectDirectory" value="J:\Testowanie\projekt"/>
    <property name="java.vm.vendor" value="BellSoft"/>
    <property name="java.vendor.url" value="https://bell-sw.com/"/>
    <property name="guice.disable.misplaced.annotation.check" value="true"/>
    <property name="path.separator" value=";"/>
    <property name="java.vm.name" value="OpenJDK 64-Bit Server VM"/>
    <property name="sun.os.patch.level" value=""/>
    <property name="user.script" value=""/>
    <property name="user.country" value="US"/>
    <property name="sun.java.launcher" value="SUN_STANDARD"/>
    <property name="java.vm.specification.name" value="Java Virtual Machine Specification"/>
    <property name="user.dir" value="J:\Testowanie\projekt"/>
    <property name="java.vm.compressedOopsMode" value="Zero based"/>
    <property name="java.runtime.version" value="11.0.14+9-LTS"/>
    <property name="java.awt.graphicsenv" value="sun.awt.Win32GraphicsEnvironment"/>
    <property name="os.arch" value="amd64"/>
    <property name="java.io.tmpdir" value="C:\Users\s452748\AppData\Local\Temp\28\"/>
    <property name="line.separator" value="
"/>
    <property name="java.vm.specification.vendor" value="Oracle Corporation"/>
    <property name="user.variant" value=""/>
    <property name="os.name" value="Windows Server 2019"/>
    <property name="classworlds.conf" value="c:\software\maven\bin\m2.conf"/>
    <property name="sun.jnu.encoding" value="Cp1250"/>
    <property name="java.library.path" value="c:\software\jdk\bin;C:\Windows\Sun\Java\bin;C:\Windows\system32;C:\Windows;c:\software\gs\bin;c:\software\openssl\bin;c:\software\haskell\lib\extralibs\bin;c:\software\haskell\bin;c:\software\julia\bin;c:\software\python3\Scripts;c:\software\python3;c:\software\ruby\bin;c:\software\gnuplot\bin;c:\software\imagemagick;c:\windows\bin;c:\software\putty;c:\windows\bin\sysinternals;C:\Program Files\7-Zip;C:\Windows\system32;C:\Windows;C:\Windows\System32\Wbem;C:\Windows\System32\WindowsPowerShell\v1.0\;C:\Windows\System32\OpenSSH\;c:\software\jre\bin;c:\software\latex\bin\win32;c:\software\jdk\bin;C:\software\scala\bin;C:\Program Files\google\chrome\application;c:\software\thunderbird;c:\software\gsview\gsview;c:\software\rabbitmq\sbin;c:\software\msys\usr\bin;c:\software\msys\mingw64\bin;c:\software\cmake\bin;c:\software\ant\bin;c:\software\maven\bin;c:\software\gradle\bin;c:\software\orca;c:\Program Files\dotnet\;c:\Program Files\Microsoft SQL Server\Client SDK\ODBC\170\Tools\Binn\;c:\software\emacs\bin;c:\software\gp;c:\software\GnuPG\bin;c:\software\gpg\bin;c:\software\vim;c:\software\llvm\bin;c:\software\qt\5.15.2\mingw81_64\bin;%DDCPATH64%;c:\software\opencv\bin;C:\Program Files\Microsoft SQL Server\Client SDK\ODBC\130\Tools\Binn\;C:\Program Files\Microsoft SQL Server\130\DTS\Binn\;C:\Program Files (x86)\Microsoft SQL Server\130\Tools\Binn\;C:\Program Files\Microsoft SQL Server\130\Tools\Binn\;C:\Program Files (x86)\Microsoft SQL Server\150\DTS\Binn\;C:\Program Files\Azure Data Studio\bin;C:\Program Files\Calibre2\;C:\Program Files (x86)\Microsoft SQL Server\110\DTS\Binn\;C:\Program Files (x86)\Microsoft SQL Server\120\DTS\Binn\;C:\Program Files (x86)\Microsoft SQL Server\130\DTS\Binn\;C:\Program Files (x86)\Microsoft SQL Server\140\DTS\Binn\;C:\Program Files\TortoiseGit\bin;C:\software\hg\;c:\software\hg\lib;c:\software\firefox;C:\Program Files (x86)\dotnet\;c:\software\pgadmin4\runtime;C:\Program Files\PowerShell\7\;C:\Program Files\Amazon\AWSCLIV2\;C:\Program Files\ESET\ESET Security\;c:\software\adobe\reader\reader;C:\software\nodejs\;c:\software\php;c:\software\notepad++;c:\software\git\cmd;."/>
    <property name="maven.conf" value="c:\software\maven/conf"/>
    <property name="jdk.debug" value="release"/>
    <property name="java.class.version" value="55.0"/>
    <property name="java.specification.name" value="Java Platform API Specification"/>
    <property name="sun.management.compiler" value="HotSpot 64-Bit Tiered Compilers"/>
    <property name="os.version" value="10.0"/>
    <property name="user.home" value="J:\"/>
    <property name="user.timezone" value="Europe/Belgrade"/>
    <property name="java.awt.printerjob" value="sun.awt.windows.WPrinterJob"/>
    <property name="file.encoding" value="Cp1250"/>
    <property name="java.specification.version" value="11"/>
    <property name="user.name" value="s452748"/>
    <property name="java.class.path" value="c:\software\maven\boot\plexus-classworlds-2.6.0.jar"/>
    <property name="java.vm.specification.version" value="11"/>
    <property name="sun.arch.data.model" value="64"/>
    <property name="sun.java.command" value="org.codehaus.plexus.classworlds.launcher.Launcher clean install"/>
    <property name="java.home" value="c:\software\jdk"/>
    <property name="user.language" value="en"/>
    <property name="java.specification.vendor" value="Oracle Corporation"/>
    <property name="user.language.format" value="pl"/>
    <property name="awt.toolkit" value="sun.awt.windows.WToolkit"/>
    <property name="java.vm.info" value="mixed mode"/>
    <property name="java.version" value="11.0.14"/>
    <property name="java.vendor" value="BellSoft"/>
    <property name="sun.stderr.encoding" value="cp852"/>
    <property name="maven.home" value="c:\software\maven"/>
    <property name="file.separator" value="\"/>
    <property name="java.version.date" value="2022-01-18"/>
    <property name="java.vendor.url.bug" value="https://bell-sw.com/support"/>
    <property name="sun.io.unicode.encoding" value="UnicodeLittle"/>
    <property name="sun.cpu.endian" value="little"/>
    <property name="sun.stdout.encoding" value="cp852"/>
    <property name="sun.desktop" value="windows"/>
    <property name="sun.cpu.isalist" value="amd64"/>
  </properties>
  <testcase classname="com.epam.bootcamp.bmi_calculator.BMITest" name="BMITest1" time="0.019"/>
  <testcase classname="com.epam.bootcamp.bmi_calculator.BMITest" name="BMITest2" time="0"/>
  <testcase classname="com.epam.bootcamp.bmi_calculator.BMITest" name="BMITest3" time="0"/>
  <testcase classname="com.epam.bootcamp.bmi_calculator.BMITest" name="BMITest4" time="0"/>
  <testcase classname="com.epam.bootcamp.bmi_calculator.BMITest" name="BMITest5" time="0"/>
  <testcase classname="com.epam.bootcamp.bmi_calculator.BMITest" name="BMITest6" time="0.005"/>
  <testcase classname="com.epam.bootcamp.bmi_calculator.BMITest" name="BMITest7" time="0"/>
  <testcase classname="com.epam.bootcamp.bmi_calculator.BMITest" name="BMITest8" time="0"/>
  <testcase classname="com.epam.bootcamp.bmi_calculator.BMITest" name="BMITest9" time="0"/>
</testsuite>